Build started 5/31/2011 2:07:33 PM.
     1>Project "C:\Users\Trescenzi\Dropbox\Auburn\Code\AU_UAV_stack\AU_UAV_ROS\src\AUUAV.vcxproj" on node 2 (build target(s)).
     1>InitializeBuildStatus:
         Creating "Debug\AUUAV.unsuccessfulbuild" because "AlwaysCreate" was specified.
       ClCompile:
         c:\Program Files\Microsoft Visual Studio 10.0\VC\bin\CL.exe /c /Zi /nologo /W3 /WX- /Od /Oy- /D WIN32 /D _DEBUG /D _CONSOLE /Gm /EHsc /RTC1 /MDd /GS /fp:precise /Zc:wchar_t /Zc:forScope /Fo"Debug\\" /Fd"Debug\vc100.pdb" /Gd /TP /analyze- /errorReport:prompt Tester.cpp
         Tester.cpp
     1>Tester.cpp(205): warning C4244: 'initializing' : conversion from 'double' to 'int', possible loss of data
     1>Tester.cpp(205): warning C4244: 'initializing' : conversion from 'double' to 'int', possible loss of data
     1>Tester.cpp(324): warning C4018: '<' : signed/unsigned mismatch
       ManifestResourceCompile:
         All outputs are up-to-date.
       Link:
         c:\Program Files\Microsoft Visual Studio 10.0\VC\bin\link.exe /ERRORREPORT:PROMPT /OUT:"C:\Users\Trescenzi\Dropbox\Auburn\Code\AU_UAV_stack\AU_UAV_ROS\src\Debug\AUUAV.exe" /INCREMENTAL /NOLOGO kernel32.lib user32.lib gdi32.lib winspool.lib comdlg32.lib advapi32.lib shell32.lib ole32.lib oleaut32.lib uuid.lib odbc32.lib odbccp32.lib /MANIFEST /ManifestFile:"Debug\AUUAV.exe.intermediate.manifest" /MANIFESTUAC:"level='asInvoker' uiAccess='false'" /DEBUG /PDB:"C:\Users\Trescenzi\Dropbox\Auburn\Code\AU_UAV_stack\AU_UAV_ROS\src\Debug\AUUAV.pdb" /SUBSYSTEM:CONSOLE /TLBID:1 /DYNAMICBASE /NXCOMPAT /IMPLIB:"C:\Users\Trescenzi\Dropbox\Auburn\Code\AU_UAV_stack\AU_UAV_ROS\src\Debug\AUUAV.lib" /MACHINE:X86 Debug\AUUAV.exe.embed.manifest.res
         Debug\Tester.obj
       Manifest:
         c:\Program Files\Microsoft SDKs\Windows\v7.0A\bin\mt.exe /nologo /verbose /out:"Debug\AUUAV.exe.embed.manifest" /manifest Debug\AUUAV.exe.intermediate.manifest
         All outputs are up-to-date.
       LinkEmbedManifest:
         All outputs are up-to-date.
         AUUAV.vcxproj -> C:\Users\Trescenzi\Dropbox\Auburn\Code\AU_UAV_stack\AU_UAV_ROS\src\Debug\AUUAV.exe
       FinalizeBuildStatus:
         Deleting file "Debug\AUUAV.unsuccessfulbuild".
         Touching "Debug\AUUAV.lastbuildstate".
     1>Done Building Project "C:\Users\Trescenzi\Dropbox\Auburn\Code\AU_UAV_stack\AU_UAV_ROS\src\AUUAV.vcxproj" (build target(s)).

Build succeeded.

Time Elapsed 00:00:11.32
